[debug] [2023-10-02T12:50:00.362Z] ----------------------------------------------------------------------
[debug] [2023-10-02T12:50:00.365Z] Command:       C:\Program Files\nodejs\node.exe C:\Users\SUZANNE\AppData\Roaming\npm\node_modules\firebase-tools\lib\bin\firebase.js init
[debug] [2023-10-02T12:50:00.366Z] CLI Version:   12.6.1
[debug] [2023-10-02T12:50:00.366Z] Platform:      win32
[debug] [2023-10-02T12:50:00.367Z] Node Version:  v18.16.1
[debug] [2023-10-02T12:50:00.368Z] Time:          Mon Oct 02 2023 18:20:00 GMT+0530 (India Standard Time)
[debug] [2023-10-02T12:50:00.368Z] ----------------------------------------------------------------------
[debug] 
[debug] [2023-10-02T12:50:00.383Z] > command requires scopes: ["email","openid","https://www.googleapis.com/auth/cloudplatformprojects.readonly","https://www.googleapis.com/auth/firebase","https://www.googleapis.com/auth/cloud-platform"]
[debug] [2023-10-02T12:50:00.384Z] > authorizing via signed-in user (suzannewdmello@gmail.com)
[info] 
     ######## #### ########  ######## ########     ###     ######  ########
     ##        ##  ##     ## ##       ##     ##  ##   ##  ##       ##
     ######    ##  ########  ######   ########  #########  ######  ######
     ##        ##  ##    ##  ##       ##     ## ##     ##       ## ##
     ##       #### ##     ## ######## ########  ##     ##  ######  ########

You're about to initialize a Firebase project in this directory:

  C:\Users\SUZANNE\Downloads\RPS-Website-main\RPS-Website-main

[info] 
=== Project Setup
[info] 
[info] First, let's associate this project directory with a Firebase project.
[info] You can create multiple project aliases by running firebase use --add, 
[info] but for now we'll just set up a default project.
[info] 
